2020-05-06 09:16:29,012 function.py[line:35] INFO 开始登录
2020-05-06 09:37:55,150 function.py[line:35] INFO 开始登录
2020-05-06 09:37:57,867 function.py[line:84] INFO 开始分析风表状态
2020-05-06 09:37:57,867 function.py[line:103] INFO 海拉尔车辆段状态正常
2020-05-06 09:37:57,867 function.py[line:103] INFO 加格达奇状态正常
2020-05-06 09:37:57,867 function.py[line:103] INFO 绥芬河状态正常
2020-05-06 09:37:57,882 function.py[line:134] INFO 数据已保存到/reports/风表状态监测2020年05月06日-09点37分.xlsx
2020-05-06 09:51:36,378 function.py[line:35] INFO 开始登录
2020-05-06 09:51:39,037 function.py[line:84] INFO 开始分析风表状态
2020-05-06 09:51:39,037 function.py[line:103] INFO 海拉尔车辆段状态正常
2020-05-06 09:51:39,037 function.py[line:103] INFO 加格达奇状态正常
2020-05-06 09:51:39,038 function.py[line:103] INFO 绥芬河状态正常
2020-05-06 09:51:39,052 function.py[line:134] INFO 数据已保存到/reports/风表状态监测2020年05月06日-09点51分.xlsx
2020-05-06 10:00:02,770 function.py[line:36] INFO 开始登录
2020-05-06 10:00:05,858 function.py[line:85] INFO 开始分析风表状态
2020-05-06 10:00:05,858 function.py[line:104] INFO 海拉尔车辆段状态正常
2020-05-06 10:00:05,858 function.py[line:104] INFO 加格达奇状态正常
2020-05-06 10:00:05,858 function.py[line:104] INFO 绥芬河状态正常
2020-05-06 10:00:05,873 function.py[line:135] INFO 数据已保存到/reports/风表状态监测2020年05月06日-09点59分.xlsx
2020-05-06 10:01:18,612 function.py[line:36] INFO 开始登录
