2020-05-06 13:53:11,637 function.py[line:45] INFO 开始登录
2020-05-06 13:53:16,367 function.py[line:94] INFO 开始分析风表状态
2020-05-06 13:53:16,409 function.py[line:113] INFO 海拉尔车辆段状态正常
2020-05-06 13:53:16,409 function.py[line:113] INFO 加格达奇状态正常
2020-05-06 13:53:16,409 function.py[line:113] INFO 绥芬河状态正常
2020-05-06 13:53:16,898 function.py[line:144] INFO 数据已保存到/reports/风表状态监测2020年05月06日-13点53分.xlsx
2020-05-06 13:56:53,855 function.py[line:45] INFO 开始登录
2020-05-06 13:56:58,299 function.py[line:94] INFO 开始分析风表状态
2020-05-06 13:56:58,309 function.py[line:113] INFO 海拉尔车辆段状态正常
2020-05-06 13:56:58,309 function.py[line:113] INFO 加格达奇状态正常
2020-05-06 13:56:58,309 function.py[line:113] INFO 绥芬河状态正常
2020-05-06 13:56:58,397 function.py[line:144] INFO 数据已保存到/reports/风表状态监测2020年05月06日-13点56分.xlsx
2020-05-06 14:45:05,888 function.py[line:45] INFO 开始登录
2020-05-06 14:45:09,130 function.py[line:94] INFO 开始分析风表状态
2020-05-06 14:45:09,130 function.py[line:113] INFO 海拉尔车辆段状态正常
2020-05-06 14:45:09,131 function.py[line:113] INFO 加格达奇状态正常
2020-05-06 14:45:09,131 function.py[line:113] INFO 绥芬河状态正常
2020-05-06 14:45:09,152 function.py[line:144] INFO 数据已保存到/reports/风表状态监测2020年05月06日-14点44分.xlsx
2020-05-06 14:45:40,061 function.py[line:45] INFO 开始登录
2020-05-06 14:45:42,699 function.py[line:94] INFO 开始分析风表状态
2020-05-06 14:45:42,699 function.py[line:113] INFO 海拉尔车辆段状态正常
2020-05-06 14:45:42,699 function.py[line:113] INFO 加格达奇状态正常
2020-05-06 14:45:42,699 function.py[line:113] INFO 绥芬河状态正常
2020-05-06 14:45:42,748 function.py[line:144] INFO 数据已保存到/reports/风表状态监测2020年05月06日-14点45分.xlsx
